<?xml version="1.0" encoding="utf-8"?><testsuites name="pytest tests"><testsuite name="pytest" errors="0" failures="0" skipped="0" tests="34" time="3.550" timestamp="2026-05-27T10:59:48.563436+00:00" hostname="agent-env-e64d3f3d-e1f6-4555-b06e-99af7d4bb558"><testcase classname="backend.tests.test_ckd_api" name="test_root" time="0.223" /><testcase classname="backend.tests.test_ckd_api" name="test_send_otp" time="0.054" /><testcase classname="backend.tests.test_ckd_api" name="test_send_otp_invalid" time="0.047" /><testcase classname="backend.tests.test_ckd_api" name="test_verify_otp_wrong" time="0.047" /><testcase classname="backend.tests.test_ckd_api" name="test_admin_auth_me" time="0.106" /><testcase classname="backend.tests.test_ckd_api" name="test_me_requires_auth" time="0.045" /><testcase classname="backend.tests.test_ckd_api" name="test_new_user_profile_setup" time="0.142" /><testcase classname="backend.tests.test_ckd_api" name="test_list_campaigns_seeded" time="0.047" /><testcase classname="backend.tests.test_ckd_api" name="test_campaign_detail" time="0.098" /><testcase classname="backend.tests.test_ckd_api" name="test_create_campaign_admin_only" time="0.141" /><testcase classname="backend.tests.test_ckd_api" name="test_join_campaign_and_points" time="0.145" /><testcase classname="backend.tests.test_ckd_api" name="test_post_update_requires_membership" time="0.117" /><testcase classname="backend.tests.test_ckd_api" name="test_list_updates_enriched" time="0.053" /><testcase classname="backend.tests.test_ckd_api" name="test_update_like_toggle" time="0.099" /><testcase classname="backend.tests.test_ckd_api" name="test_update_comment" time="0.056" /><testcase classname="backend.tests.test_ckd_api" name="test_list_issues_seeded" time="0.048" /><testcase classname="backend.tests.test_ckd_api" name="test_list_issues_filter" time="0.049" /><testcase classname="backend.tests.test_ckd_api" name="test_create_issue_points" time="0.191" /><testcase classname="backend.tests.test_ckd_api" name="test_support_toggle" time="0.096" /><testcase classname="backend.tests.test_ckd_api" name="test_volunteer_and_points" time="0.242" /><testcase classname="backend.tests.test_ckd_api" name="test_issue_comment" time="0.046" /><testcase classname="backend.tests.test_ckd_api" name="test_issue_status_change_perm" time="0.142" /><testcase classname="backend.tests.test_ckd_api" name="test_notifications_list" time="0.047" /><testcase classname="backend.tests.test_ckd_api" name="test_notification_mark_read" time="0.048" /><testcase classname="backend.tests.test_ckd_api" name="test_leaderboard" time="0.054" /><testcase classname="backend.tests.test_ckd_api" name="test_my_activity" time="0.059" /><testcase classname="backend.tests.test_ckd_api" name="test_create_flag" time="0.053" /><testcase classname="backend.tests.test_ckd_api" name="test_admin_dashboard" time="0.107" /><testcase classname="backend.tests.test_ckd_api" name="test_admin_members_search" time="0.048" /><testcase classname="backend.tests.test_ckd_api" name="test_admin_ban_unban" time="0.254" /><testcase classname="backend.tests.test_ckd_api" name="test_admin_flags_list_and_resolve" time="0.096" /><testcase classname="backend.tests.test_ckd_api" name="test_admin_announcement" time="0.100" /><testcase classname="backend.tests.test_ckd_api" name="test_media_upload_requires_auth" time="0.108" /><testcase classname="backend.tests.test_ckd_api" name="test_media_upload_rejects_non_image" time="0.134" /></testsuite></testsuites>