<?xml version="1.0" encoding="utf-8"?><testsuites name="pytest tests"><testsuite name="pytest" errors="0" failures="0" skipped="0" tests="40" time="4.273" timestamp="2026-05-27T13:16:40.015572+00:00" hostname="agent-env-e64d3f3d-e1f6-4555-b06e-99af7d4bb558"><testcase classname="backend.tests.test_ckd_api" name="test_root" time="0.241" /><testcase classname="backend.tests.test_ckd_api" name="test_send_otp" time="0.049" /><testcase classname="backend.tests.test_ckd_api" name="test_send_otp_invalid" time="0.048" /><testcase classname="backend.tests.test_ckd_api" name="test_verify_otp_wrong" time="0.047" /><testcase classname="backend.tests.test_ckd_api" name="test_admin_auth_me" time="0.099" /><testcase classname="backend.tests.test_ckd_api" name="test_me_requires_auth" time="0.048" /><testcase classname="backend.tests.test_ckd_api" name="test_new_user_profile_setup" time="0.168" /><testcase classname="backend.tests.test_ckd_api" name="test_list_campaigns_seeded" time="0.051" /><testcase classname="backend.tests.test_ckd_api" name="test_campaign_detail" time="0.096" /><testcase classname="backend.tests.test_ckd_api" name="test_create_campaign_admin_only" time="0.176" /><testcase classname="backend.tests.test_ckd_api" name="test_join_campaign_and_points" time="0.167" /><testcase classname="backend.tests.test_ckd_api" name="test_post_update_requires_membership" time="0.106" /><testcase classname="backend.tests.test_ckd_api" name="test_list_updates_enriched" time="0.056" /><testcase classname="backend.tests.test_ckd_api" name="test_update_like_toggle" time="0.101" /><testcase classname="backend.tests.test_ckd_api" name="test_update_comment" time="0.073" /><testcase classname="backend.tests.test_ckd_api" name="test_list_issues_seeded" time="0.056" /><testcase classname="backend.tests.test_ckd_api" name="test_list_issues_filter" time="0.049" /><testcase classname="backend.tests.test_ckd_api" name="test_issues_state_filter" time="0.050" /><testcase classname="backend.tests.test_ckd_api" name="test_issues_state_counts" time="0.100" /><testcase classname="backend.tests.test_ckd_api" name="test_campaigns_featured_filter" time="0.049" /><testcase classname="backend.tests.test_ckd_api" name="test_create_issue_requires_state" time="0.057" /><testcase classname="backend.tests.test_ckd_api" name="test_create_campaign_with_featured_flag" time="0.162" /><testcase classname="backend.tests.test_ckd_api" name="test_create_issue_appears_in_state_view" time="0.150" /><testcase classname="backend.tests.test_ckd_api" name="test_create_issue_points" time="0.228" /><testcase classname="backend.tests.test_ckd_api" name="test_support_toggle" time="0.122" /><testcase classname="backend.tests.test_ckd_api" name="test_volunteer_and_points" time="0.159" /><testcase classname="backend.tests.test_ckd_api" name="test_issue_comment" time="0.063" /><testcase classname="backend.tests.test_ckd_api" name="test_issue_status_change_perm" time="0.160" /><testcase classname="backend.tests.test_ckd_api" name="test_notifications_list" time="0.050" /><testcase classname="backend.tests.test_ckd_api" name="test_notification_mark_read" time="0.076" /><testcase classname="backend.tests.test_ckd_api" name="test_leaderboard" time="0.052" /><testcase classname="backend.tests.test_ckd_api" name="test_my_activity" time="0.072" /><testcase classname="backend.tests.test_ckd_api" name="test_create_flag" time="0.054" /><testcase classname="backend.tests.test_ckd_api" name="test_admin_dashboard" time="0.102" /><testcase classname="backend.tests.test_ckd_api" name="test_admin_members_search" time="0.069" /><testcase classname="backend.tests.test_ckd_api" name="test_admin_ban_unban" time="0.311" /><testcase classname="backend.tests.test_ckd_api" name="test_admin_flags_list_and_resolve" time="0.112" /><testcase classname="backend.tests.test_ckd_api" name="test_admin_announcement" time="0.100" /><testcase classname="backend.tests.test_ckd_api" name="test_media_upload_requires_auth" time="0.154" /><testcase classname="backend.tests.test_ckd_api" name="test_media_upload_rejects_non_image" time="0.107" /></testsuite></testsuites>